0 info it worked if it ends with ok
1 verbose cli [ 'C:\\Program Files (x86)\\Nodist\\v-x64\\10.13.0\\node.exe',
1 verbose cli   'C:\\Program Files (x86)\\Nodist\\npmv\\4.0.5\\bin\\npm-cli.js',
1 verbose cli   'start' ]
2 info using npm@4.0.5
3 info using node@v10.13.0
4 verbose run-script [ 'prestart', 'start', 'poststart' ]
5 info lifecycle sketch-threejs.js@2.0.0~prestart: sketch-threejs.js@2.0.0
6 silly lifecycle sketch-threejs.js@2.0.0~prestart: no script for prestart, continuing
7 info lifecycle sketch-threejs.js@2.0.0~start: sketch-threejs.js@2.0.0
8 verbose lifecycle sketch-threejs.js@2.0.0~start: unsafe-perm in lifecycle true
9 verbose lifecycle sketch-threejs.js@2.0.0~start: PATH: C:\Program Files (x86)\Nodist\npmv\4.0.5\bin\node-gyp-bin;C:\Projects\private\sketch-threejs\node_modules\.bin;C:\Program Files (x86)\Nodist\v-x64\10.13.0;C:\Windows\system32;C:\Windows;C:\Windows\System32\Wbem;C:\Windows\System32\WindowsPowerShell\v1.0\;C:\Program Files (x86)\NVIDIA Corporation\PhysX\Common;C:\Program Files (x86)\Nodist\bin;C:\Program Files\Git\cmd;C:\Program Files\Git\mingw64\bin;C:\Program Files\Git\usr\bin;C:\WINDOWS\system32;C:\WINDOWS;C:\WINDOWS\System32\Wbem;C:\WINDOWS\System32\WindowsPowerShell\v1.0\;C:\WINDOWS\System32\OpenSSH\;C:\Users\koba\AppData\Local\Microsoft\WindowsApps;C:\Users\koba\AppData\Local\atom\bin;%USERPROFILE%\AppData\Local\Microsoft\WindowsApps;
10 verbose lifecycle sketch-threejs.js@2.0.0~start: CWD: C:\Projects\private\sketch-threejs
11 silly lifecycle sketch-threejs.js@2.0.0~start: Args: [ '/d /s /c', 'npm run dev' ]
12 silly lifecycle sketch-threejs.js@2.0.0~start: Returned: code: 3221225786  signal: null
13 info lifecycle sketch-threejs.js@2.0.0~start: Failed to exec start script
14 verbose stack Error: sketch-threejs.js@2.0.0 start: `npm run dev`
14 verbose stack Exit status 3221225786
14 verbose stack     at EventEmitter.<anonymous> (C:\Program Files (x86)\Nodist\npmv\4.0.5\lib\utils\lifecycle.js:279:16)
14 verbose stack     at EventEmitter.emit (events.js:182:13)
14 verbose stack     at ChildProcess.<anonymous> (C:\Program Files (x86)\Nodist\npmv\4.0.5\lib\utils\spawn.js:40:14)
14 verbose stack     at ChildProcess.emit (events.js:182:13)
14 verbose stack     at maybeClose (internal/child_process.js:962:16)
14 verbose stack     at Process.ChildProcess._handle.onexit (internal/child_process.js:251:5)
15 verbose pkgid sketch-threejs.js@2.0.0
16 verbose cwd C:\Projects\private\sketch-threejs
17 error Windows_NT 10.0.17134
18 error argv "C:\\Program Files (x86)\\Nodist\\v-x64\\10.13.0\\node.exe" "C:\\Program Files (x86)\\Nodist\\npmv\\4.0.5\\bin\\npm-cli.js" "start"
19 error node v10.13.0
20 error npm  v4.0.5
21 error code ELIFECYCLE
22 error sketch-threejs.js@2.0.0 start: `npm run dev`
22 error Exit status 3221225786
23 error Failed at the sketch-threejs.js@2.0.0 start script 'npm run dev'.
23 error Make sure you have the latest version of node.js and npm installed.
23 error If you do, this is most likely a problem with the sketch-threejs.js package,
23 error not with npm itself.
23 error Tell the author that this fails on your system:
23 error     npm run dev
23 error You can get information on how to open an issue for this project with:
23 error     npm bugs sketch-threejs.js
23 error Or if that isn't available, you can get their info via:
23 error     npm owner ls sketch-threejs.js
23 error There is likely additional logging output above.
24 verbose exit [ 1, true ]
